Flow report for divmmc
Sat Apr 19 00:10:23 2025
Quartus II 64-Bit Version 13.0.1 Build 232 06/12/2013 Service Pack 1 SJ Web Edition


---------------------
; Table of Contents ;
---------------------
  1. Legal Notice
  2. Flow Summary
  3. Flow Settings
  4. Flow Non-Default Global Settings
  5. Flow Elapsed Time
  6. Flow OS Summary
  7. Flow Log
  8. Flow Messages
  9. Flow Suppressed Messages



----------------
; Legal Notice ;
----------------
Copyright (C) 1991-2013 Altera Corporation
Your use of Altera Corporation's design tools, logic functions 
and other software and tools, and its AMPP partner logic 
functions, and any output files from any of the foregoing 
(including device programming or simulation files), and any 
associated documentation or information are expressly subject 
to the terms and conditions of the Altera Program License 
Subscription Agreement, Altera MegaCore Function License 
Agreement, or other applicable license agreement, including, 
without limitation, that your use is for the sole purpose of 
programming logic devices manufactured by Altera and sold by 
Altera or its authorized distributors.  Please refer to the 
applicable agreement for further details.



+-----------------------------------------------------------------------------+
; Flow Summary                                                                ;
+---------------------------+-------------------------------------------------+
; Flow Status               ; Successful - Sat Apr 19 00:10:21 2025           ;
; Quartus II 64-Bit Version ; 13.0.1 Build 232 06/12/2013 SP 1 SJ Web Edition ;
; Revision Name             ; divmmc                                          ;
; Top-level Entity Name     ; divmmc                                          ;
; Family                    ; MAX3000A                                        ;
; Device                    ; EPM3256ATI144-10                                ;
; Timing Models             ; Final                                           ;
; Total macrocells          ; 89 / 256 ( 35 % )                               ;
; Total pins                ; 54 / 116 ( 47 % )                               ;
+---------------------------+-------------------------------------------------+


+-----------------------------------------+
; Flow Settings                           ;
+-------------------+---------------------+
; Option            ; Setting             ;
+-------------------+---------------------+
; Start date & time ; 04/19/2025 00:10:16 ;
; Main task         ; Compilation         ;
; Revision Name     ; divmmc              ;
+-------------------+---------------------+


+-----------------------------------------------------------------------------------------------------------------+
; Flow Non-Default Global Settings                                                                                ;
+---------------------------------------+------------------------------+---------------+-------------+------------+
; Assignment Name                       ; Value                        ; Default Value ; Entity Name ; Section Id ;
+---------------------------------------+------------------------------+---------------+-------------+------------+
; COMPILER_SIGNATURE_ID                 ; 962585060064.174501061613424 ; --            ; --          ; --         ;
; MAX_CORE_JUNCTION_TEMP                ; 85                           ; --            ; --          ; --         ;
; MIN_CORE_JUNCTION_TEMP                ; 0                            ; --            ; --          ; --         ;
; POWER_EXT_SUPPLY_VOLTAGE_TO_REGULATOR ; 3.3V                         ; --            ; --          ; --         ;
; PROJECT_OUTPUT_DIRECTORY              ; output_files                 ; --            ; --          ; --         ;
+---------------------------------------+------------------------------+---------------+-------------+------------+


+-------------------------------------------------------------------------------------------------------------------------------+
; Flow Elapsed Time                                                                                                             ;
+---------------------------+--------------+-------------------------+---------------------+------------------------------------+
; Module Name               ; Elapsed Time ; Average Processors Used ; Peak Virtual Memory ; Total CPU Time (on all processors) ;
+---------------------------+--------------+-------------------------+---------------------+------------------------------------+
; Analysis & Synthesis      ; 00:00:01     ; 1.0                     ; 4617 MB             ; 00:00:02                           ;
; Fitter                    ; 00:00:01     ; 1.0                     ; 4694 MB             ; 00:00:01                           ;
; Assembler                 ; 00:00:01     ; 1.0                     ; 4501 MB             ; 00:00:01                           ;
; TimeQuest Timing Analyzer ; 00:00:01     ; 1.0                     ; 4522 MB             ; 00:00:01                           ;
; Total                     ; 00:00:04     ; --                      ; --                  ; 00:00:05                           ;
+---------------------------+--------------+-------------------------+---------------------+------------------------------------+


+----------------------------------------------------------------------------------------+
; Flow OS Summary                                                                        ;
+---------------------------+------------------+-----------+------------+----------------+
; Module Name               ; Machine Hostname ; OS Name   ; OS Version ; Processor type ;
+---------------------------+------------------+-----------+------------+----------------+
; Analysis & Synthesis      ; WIN-P7SVBJJHDRL  ; Windows 7 ; 6.2        ; x86_64         ;
; Fitter                    ; WIN-P7SVBJJHDRL  ; Windows 7 ; 6.2        ; x86_64         ;
; Assembler                 ; WIN-P7SVBJJHDRL  ; Windows 7 ; 6.2        ; x86_64         ;
; TimeQuest Timing Analyzer ; WIN-P7SVBJJHDRL  ; Windows 7 ; 6.2        ; x86_64         ;
+---------------------------+------------------+-----------+------------+----------------+


------------
; Flow Log ;
------------
quartus_map --read_settings_files=on --write_settings_files=off divmmc -c divmmc
quartus_fit --read_settings_files=off --write_settings_files=off divmmc -c divmmc
quartus_asm --read_settings_files=off --write_settings_files=off divmmc -c divmmc
quartus_sta divmmc -c divmmc



